<?xml version="1.0" encoding="UTF-8"?>
<testsuite xmlns:xsi="http://www.w3.org/2001/XMLSchema-instance" xsi:noNamespaceSchemaLocation="https://maven.apache.org/surefire/maven-surefire-plugin/xsd/surefire-test-report.xsd" name="org.jitsi.nlj.transform.NodeVisitorTest" time="0.019" tests="6" errors="0" skipped="0" failures="0">
  <properties>
    <property name="awt.toolkit" value="sun.awt.X11.XToolkit"/>
    <property name="java.specification.version" value="11"/>
    <property name="sun.cpu.isalist" value=""/>
    <property name="sun.jnu.encoding" value="UTF-8"/>
    <property name="java.class.path" value="/root/jitsiQuick/newJMT/jitsi-media-transform/target/test-classes:/root/jitsiQuick/newJMT/jitsi-media-transform/target/classes:/root/.m2/repository/org/jetbrains/kotlin/kotlin-stdlib-jdk8/1.5.20/kotlin-stdlib-jdk8-1.5.20.jar:/root/.m2/repository/org/jetbrains/kotlin/kotlin-stdlib/1.5.20/kotlin-stdlib-1.5.20.jar:/root/.m2/repository/org/jetbrains/annotations/13.0/annotations-13.0.jar:/root/.m2/repository/org/jetbrains/kotlin/kotlin-stdlib-common/1.5.20/kotlin-stdlib-common-1.5.20.jar:/root/.m2/repository/org/jetbrains/kotlin/kotlin-stdlib-jdk7/1.5.20/kotlin-stdlib-jdk7-1.5.20.jar:/root/.m2/repository/org/jitsi/jitsi-srtp/1.1-3-g4637686/jitsi-srtp-1.1-3-g4637686.jar:/root/.m2/repository/org/jitsi/rtp/1.0-65-g1776361/rtp-1.0-65-g1776361.jar:/root/.m2/repository/org/jitsi/jitsi-utils/1.0-94-ge7c7a43/jitsi-utils-1.0-94-ge7c7a43.jar:/root/.m2/repository/com/googlecode/json-simple/json-simple/1.1.1/json-simple-1.1.1.jar:/root/.m2/repository/net/java/dev/jna/jna/5.5.0/jna-5.5.0.jar:/root/.m2/repository/com/google/guava/guava/30.1.1-jre/guava-30.1.1-jre.jar:/root/.m2/repository/com/google/guava/failureaccess/1.0.1/failureaccess-1.0.1.jar:/root/.m2/repository/com/google/guava/listenablefuture/9999.0-empty-to-avoid-conflict-with-guava/listenablefuture-9999.0-empty-to-avoid-conflict-with-guava.jar:/root/.m2/repository/org/checkerframework/checker-qual/3.8.0/checker-qual-3.8.0.jar:/root/.m2/repository/com/google/errorprone/error_prone_annotations/2.5.1/error_prone_annotations-2.5.1.jar:/root/.m2/repository/com/google/j2objc/j2objc-annotations/1.3/j2objc-annotations-1.3.jar:/root/.m2/repository/org/jetbrains/kotlin/kotlin-osgi-bundle/1.5.20/kotlin-osgi-bundle-1.5.20.jar:/root/.m2/repository/org/jitsi/jicoco/1.1-90-gfa0e11e/jicoco-1.1-90-gfa0e11e.jar:/root/.m2/repository/org/eclipse/jetty/jetty-proxy/9.4.41.v20210516/jetty-proxy-9.4.41.v20210516.jar:/root/.m2/repository/org/eclipse/jetty/jetty-client/9.4.41.v20210516/jetty-client-9.4.41.v20210516.jar:/root/.m2/repository/org/eclipse/jetty/jetty-server/9.4.41.v20210516/jetty-server-9.4.41.v20210516.jar:/root/.m2/repository/javax/servlet/javax.servlet-api/3.1.0/javax.servlet-api-3.1.0.jar:/root/.m2/repository/org/eclipse/jetty/jetty-http/9.4.41.v20210516/jetty-http-9.4.41.v20210516.jar:/root/.m2/repository/org/eclipse/jetty/jetty-io/9.4.41.v20210516/jetty-io-9.4.41.v20210516.jar:/root/.m2/repository/org/eclipse/jetty/jetty-servlet/9.4.41.v20210516/jetty-servlet-9.4.41.v20210516.jar:/root/.m2/repository/org/eclipse/jetty/jetty-security/9.4.41.v20210516/jetty-security-9.4.41.v20210516.jar:/root/.m2/repository/org/eclipse/jetty/jetty-util-ajax/9.4.41.v20210516/jetty-util-ajax-9.4.41.v20210516.jar:/root/.m2/repository/org/eclipse/jetty/jetty-servlets/9.4.41.v20210516/jetty-servlets-9.4.41.v20210516.jar:/root/.m2/repository/org/eclipse/jetty/jetty-continuation/9.4.41.v20210516/jetty-continuation-9.4.41.v20210516.jar:/root/.m2/repository/org/eclipse/jetty/jetty-util/9.4.41.v20210516/jetty-util-9.4.41.v20210516.jar:/root/.m2/repository/org/xeustechnologies/jcl-core/2.8/jcl-core-2.8.jar:/root/.m2/repository/org/objenesis/objenesis/2.1/objenesis-2.1.jar:/root/.m2/repository/cglib/cglib-nodep/2.2/cglib-nodep-2.2.jar:/root/.m2/repository/org/kamranzafar/commons/object-cloner/0.1/object-cloner-0.1.jar:/root/.m2/repository/org/igniterealtime/smack/smack-core/4.2.4-47d17fc/smack-core-4.2.4-47d17fc.jar:/root/.m2/repository/xpp3/xpp3/1.1.4c/xpp3-1.1.4c.jar:/root/.m2/repository/org/jxmpp/jxmpp-core/0.6.2/jxmpp-core-0.6.2.jar:/root/.m2/repository/org/jxmpp/jxmpp-util-cache/0.6.2/jxmpp-util-cache-0.6.2.jar:/root/.m2/repository/org/jxmpp/jxmpp-jid/0.6.2/jxmpp-jid-0.6.2.jar:/root/.m2/repository/org/igniterealtime/smack/smack-extensions/4.2.4-47d17fc/smack-extensions-4.2.4-47d17fc.jar:/root/.m2/repository/org/igniterealtime/smack/smack-im/4.2.4-47d17fc/smack-im-4.2.4-47d17fc.jar:/root/.m2/repository/org/igniterealtime/smack/smack-tcp/4.2.4-47d17fc/smack-tcp-4.2.4-47d17fc.jar:/root/.m2/repository/org/glassfish/jersey/containers/jersey-container-jetty-http/2.34/jersey-container-jetty-http-2.34.jar:/root/.m2/repository/org/glassfish/hk2/external/jakarta.inject/2.6.1/jakarta.inject-2.6.1.jar:/root/.m2/repository/org/glassfish/jersey/core/jersey-common/2.34/jersey-common-2.34.jar:/root/.m2/repository/jakarta/annotation/jakarta.annotation-api/1.3.5/jakarta.annotation-api-1.3.5.jar:/root/.m2/repository/org/glassfish/hk2/osgi-resource-locator/1.0.3/osgi-resource-locator-1.0.3.jar:/root/.m2/repository/org/glassfish/jersey/core/jersey-server/2.34/jersey-server-2.34.jar:/root/.m2/repository/org/glassfish/jersey/core/jersey-client/2.34/jersey-client-2.34.jar:/root/.m2/repository/jakarta/validation/jakarta.validation-api/2.0.2/jakarta.validation-api-2.0.2.jar:/root/.m2/repository/jakarta/ws/rs/jakarta.ws.rs-api/2.1.6/jakarta.ws.rs-api-2.1.6.jar:/root/.m2/repository/org/glassfish/jersey/containers/jersey-container-servlet/2.34/jersey-container-servlet-2.34.jar:/root/.m2/repository/org/glassfish/jersey/containers/jersey-container-servlet-core/2.34/jersey-container-servlet-core-2.34.jar:/root/.m2/repository/org/glassfish/jersey/inject/jersey-hk2/2.34/jersey-hk2-2.34.jar:/root/.m2/repository/org/glassfish/hk2/hk2-locator/2.6.1/hk2-locator-2.6.1.jar:/root/.m2/repository/org/glassfish/hk2/external/aopalliance-repackaged/2.6.1/aopalliance-repackaged-2.6.1.jar:/root/.m2/repository/org/glassfish/hk2/hk2-api/2.6.1/hk2-api-2.6.1.jar:/root/.m2/repository/org/glassfish/hk2/hk2-utils/2.6.1/hk2-utils-2.6.1.jar:/root/.m2/repository/org/glassfish/jersey/media/jersey-media-json-jackson/2.34/jersey-media-json-jackson-2.34.jar:/root/.m2/repository/org/glassfish/jersey/ext/jersey-entity-filtering/2.34/jersey-entity-filtering-2.34.jar:/root/.m2/repository/com/fasterxml/jackson/core/jackson-annotations/2.12.2/jackson-annotations-2.12.2.jar:/root/.m2/repository/com/fasterxml/jackson/core/jackson-databind/2.12.2/jackson-databind-2.12.2.jar:/root/.m2/repository/com/fasterxml/jackson/core/jackson-core/2.12.2/jackson-core-2.12.2.jar:/root/.m2/repository/com/fasterxml/jackson/module/jackson-module-jaxb-annotations/2.12.2/jackson-module-jaxb-annotations-2.12.2.jar:/root/.m2/repository/jakarta/xml/bind/jakarta.xml.bind-api/2.3.2/jakarta.xml.bind-api-2.3.2.jar:/root/.m2/repository/jakarta/activation/jakarta.activation-api/1.2.1/jakarta.activation-api-1.2.1.jar:/root/.m2/repository/org/javassist/javassist/3.22.0-CR2/javassist-3.22.0-CR2.jar:/root/.m2/repository/org/jitsi/jitsi-android-osgi/1.0-SNAPSHOT/jitsi-android-osgi-1.0-SNAPSHOT.jar:/root/.m2/repository/org/osgi/org.osgi.core/4.3.1/org.osgi.core-4.3.1.jar:/root/.m2/repository/org/jitsi/jicoco-config/1.1-90-gfa0e11e/jicoco-config-1.1-90-gfa0e11e.jar:/root/.m2/repository/com/typesafe/config/1.4.1/config-1.4.1.jar:/root/.m2/repository/org/jitsi/jitsi-metaconfig/c3d8c51747/jitsi-metaconfig-c3d8c51747.jar:/root/.m2/repository/org/jetbrains/kotlin/kotlin-reflect/1.5.20/kotlin-reflect-1.5.20.jar:/root/.m2/repository/org/bouncycastle/bctls-jdk15on/1.68/bctls-jdk15on-1.68.jar:/root/.m2/repository/org/bouncycastle/bcprov-jdk15on/1.68/bcprov-jdk15on-1.68.jar:/root/.m2/repository/org/bouncycastle/bcpkix-jdk15on/1.68/bcpkix-jdk15on-1.68.jar:/root/.m2/repository/org/pcap4j/pcap4j-core/1.8.2/pcap4j-core-1.8.2.jar:/root/.m2/repository/org/slf4j/slf4j-api/1.7.26/slf4j-api-1.7.26.jar:/root/.m2/repository/org/pcap4j/pcap4j-packetfactory-static/1.8.2/pcap4j-packetfactory-static-1.8.2.jar:/root/.m2/repository/com/github/spotbugs/spotbugs-annotations/4.0.6/spotbugs-annotations-4.0.6.jar:/root/.m2/repository/com/google/code/findbugs/jsr305/3.0.2/jsr305-3.0.2.jar:/root/.m2/repository/org/jitsi/jicoco-test-kotlin/1.1-90-gfa0e11e/jicoco-test-kotlin-1.1-90-gfa0e11e.jar:/root/.m2/repository/io/pkts/pkts-core/3.0.3/pkts-core-3.0.3.jar:/root/.m2/repository/io/pkts/pkts-buffers/3.0.3/pkts-buffers-3.0.3.jar:/root/.m2/repository/io/pkts/pkts-sip/3.0.3/pkts-sip-3.0.3.jar:/root/.m2/repository/io/pkts/pkts-sdp/3.0.3/pkts-sdp-3.0.3.jar:/root/.m2/repository/javax/sip/jain-sip-ri/1.2.159/jain-sip-ri-1.2.159.jar:/root/.m2/repository/io/kotest/kotest-runner-junit5-jvm/4.6.1/kotest-runner-junit5-jvm-4.6.1.jar:/root/.m2/repository/io/kotest/kotest-framework-api-jvm/4.6.1/kotest-framework-api-jvm-4.6.1.jar:/root/.m2/repository/io/kotest/kotest-common-jvm/4.6.1/kotest-common-jvm-4.6.1.jar:/root/.m2/repository/io/kotest/kotest-framework-engine-jvm/4.6.1/kotest-framework-engine-jvm-4.6.1.jar:/root/.m2/repository/io/github/classgraph/classgraph/4.8.105/classgraph-4.8.105.jar:/root/.m2/repository/com/github/ajalt/mordant/1.2.1/mordant-1.2.1.jar:/root/.m2/repository/com/github/ajalt/colormath/1.2.0/colormath-1.2.0.jar:/root/.m2/repository/org/jetbrains/kotlin/kotlin-script-util/1.5.0/kotlin-script-util-1.5.0.jar:/root/.m2/repository/org/jetbrains/intellij/deps/trove4j/1.0.20181211/trove4j-1.0.20181211.jar:/root/.m2/repository/org/jetbrains/kotlin/kotlin-daemon-client/1.5.0/kotlin-daemon-client-1.5.0.jar:/root/.m2/repository/org/jetbrains/kotlinx/kotlinx-coroutines-core/1.3.8/kotlinx-coroutines-core-1.3.8.jar:/root/.m2/repository/org/jetbrains/kotlin/kotlin-scripting-jvm/1.5.0/kotlin-scripting-jvm-1.5.0.jar:/root/.m2/repository/org/jetbrains/kotlin/kotlin-scripting-common/1.5.0/kotlin-scripting-common-1.5.0.jar:/root/.m2/repository/org/opentest4j/opentest4j/1.2.0/opentest4j-1.2.0.jar:/root/.m2/repository/io/kotest/kotest-framework-discovery-jvm/4.6.1/kotest-framework-discovery-jvm-4.6.1.jar:/root/.m2/repository/io/kotest/kotest-extensions-jvm/4.6.1/kotest-extensions-jvm-4.6.1.jar:/root/.m2/repository/commons-io/commons-io/2.6/commons-io-2.6.jar:/root/.m2/repository/io/kotest/kotest-framework-concurrency-jvm/4.6.1/kotest-framework-concurrency-jvm-4.6.1.jar:/root/.m2/repository/org/jetbrains/kotlinx/kotlinx-coroutines-core-jvm/1.5.0/kotlinx-coroutines-core-jvm-1.5.0.jar:/root/.m2/repository/org/junit/platform/junit-platform-engine/1.6.2/junit-platform-engine-1.6.2.jar:/root/.m2/repository/org/apiguardian/apiguardian-api/1.1.0/apiguardian-api-1.1.0.jar:/root/.m2/repository/org/junit/platform/junit-platform-commons/1.6.2/junit-platform-commons-1.6.2.jar:/root/.m2/repository/org/junit/platform/junit-platform-suite-api/1.6.2/junit-platform-suite-api-1.6.2.jar:/root/.m2/repository/org/junit/platform/junit-platform-launcher/1.6.2/junit-platform-launcher-1.6.2.jar:/root/.m2/repository/org/junit/jupiter/junit-jupiter-api/5.6.2/junit-jupiter-api-5.6.2.jar:/root/.m2/repository/org/jetbrains/kotlin/kotlin-script-runtime/1.5.0/kotlin-script-runtime-1.5.0.jar:/root/.m2/repository/io/kotest/kotest-assertions-core-jvm/4.6.1/kotest-assertions-core-jvm-4.6.1.jar:/root/.m2/repository/io/kotest/kotest-assertions-shared-jvm/4.6.1/kotest-assertions-shared-jvm-4.6.1.jar:/root/.m2/repository/org/jetbrains/kotlinx/kotlinx-coroutines-jdk8/1.5.0/kotlinx-coroutines-jdk8-1.5.0.jar:/root/.m2/repository/io/kotest/kotest-assertions-api-jvm/4.6.1/kotest-assertions-api-jvm-4.6.1.jar:/root/.m2/repository/io/kotest/kotest-property-jvm/4.6.1/kotest-property-jvm-4.6.1.jar:/root/.m2/repository/io/github/java-diff-utils/java-diff-utils/4.9/java-diff-utils-4.9.jar:/root/.m2/repository/com/github/mifmif/generex/1.0.2/generex-1.0.2.jar:/root/.m2/repository/dk/brics/automaton/automaton/1.11-8/automaton-1.11-8.jar:/root/.m2/repository/io/mockk/mockk/1.10.0/mockk-1.10.0.jar:/root/.m2/repository/io/mockk/mockk-common/1.10.0/mockk-common-1.10.0.jar:/root/.m2/repository/io/mockk/mockk-dsl/1.10.0/mockk-dsl-1.10.0.jar:/root/.m2/repository/io/mockk/mockk-dsl-jvm/1.10.0/mockk-dsl-jvm-1.10.0.jar:/root/.m2/repository/io/mockk/mockk-agent-jvm/1.10.0/mockk-agent-jvm-1.10.0.jar:/root/.m2/repository/io/mockk/mockk-agent-api/1.10.0/mockk-agent-api-1.10.0.jar:/root/.m2/repository/io/mockk/mockk-agent-common/1.10.0/mockk-agent-common-1.10.0.jar:/root/.m2/repository/net/bytebuddy/byte-buddy/1.10.9/byte-buddy-1.10.9.jar:/root/.m2/repository/net/bytebuddy/byte-buddy-agent/1.10.9/byte-buddy-agent-1.10.9.jar:/root/.m2/repository/javax/xml/bind/jaxb-api/2.3.1/jaxb-api-2.3.1.jar:/root/.m2/repository/javax/activation/javax.activation-api/1.2.0/javax.activation-api-1.2.0.jar:"/>
    <property name="java.vm.vendor" value="Debian"/>
    <property name="sun.arch.data.model" value="64"/>
    <property name="java.vendor.url" value="https://tracker.debian.org/openjdk-11"/>
    <property name="user.timezone" value=""/>
    <property name="java.vm.specification.version" value="11"/>
    <property name="os.name" value="Linux"/>
    <property name="sun.java.launcher" value="SUN_STANDARD"/>
    <property name="user.country" value="US"/>
    <property name="sun.boot.library.path" value="/usr/lib/jvm/java-11-openjdk-amd64/lib"/>
    <property name="sun.java.command" value="/root/jitsiQuick/newJMT/jitsi-media-transform/target/surefire/surefirebooter981321630963823482.jar /root/jitsiQuick/newJMT/jitsi-media-transform/target/surefire 2021-12-27T05-13-06_224-jvmRun1 surefire8264215804804849645tmp surefire_07785299423755185130tmp"/>
    <property name="jdk.debug" value="release"/>
    <property name="surefire.test.class.path" value="/root/jitsiQuick/newJMT/jitsi-media-transform/target/test-classes:/root/jitsiQuick/newJMT/jitsi-media-transform/target/classes:/root/.m2/repository/org/jetbrains/kotlin/kotlin-stdlib-jdk8/1.5.20/kotlin-stdlib-jdk8-1.5.20.jar:/root/.m2/repository/org/jetbrains/kotlin/kotlin-stdlib/1.5.20/kotlin-stdlib-1.5.20.jar:/root/.m2/repository/org/jetbrains/annotations/13.0/annotations-13.0.jar:/root/.m2/repository/org/jetbrains/kotlin/kotlin-stdlib-common/1.5.20/kotlin-stdlib-common-1.5.20.jar:/root/.m2/repository/org/jetbrains/kotlin/kotlin-stdlib-jdk7/1.5.20/kotlin-stdlib-jdk7-1.5.20.jar:/root/.m2/repository/org/jitsi/jitsi-srtp/1.1-3-g4637686/jitsi-srtp-1.1-3-g4637686.jar:/root/.m2/repository/org/jitsi/rtp/1.0-65-g1776361/rtp-1.0-65-g1776361.jar:/root/.m2/repository/org/jitsi/jitsi-utils/1.0-94-ge7c7a43/jitsi-utils-1.0-94-ge7c7a43.jar:/root/.m2/repository/com/googlecode/json-simple/json-simple/1.1.1/json-simple-1.1.1.jar:/root/.m2/repository/net/java/dev/jna/jna/5.5.0/jna-5.5.0.jar:/root/.m2/repository/com/google/guava/guava/30.1.1-jre/guava-30.1.1-jre.jar:/root/.m2/repository/com/google/guava/failureaccess/1.0.1/failureaccess-1.0.1.jar:/root/.m2/repository/com/google/guava/listenablefuture/9999.0-empty-to-avoid-conflict-with-guava/listenablefuture-9999.0-empty-to-avoid-conflict-with-guava.jar:/root/.m2/repository/org/checkerframework/checker-qual/3.8.0/checker-qual-3.8.0.jar:/root/.m2/repository/com/google/errorprone/error_prone_annotations/2.5.1/error_prone_annotations-2.5.1.jar:/root/.m2/repository/com/google/j2objc/j2objc-annotations/1.3/j2objc-annotations-1.3.jar:/root/.m2/repository/org/jetbrains/kotlin/kotlin-osgi-bundle/1.5.20/kotlin-osgi-bundle-1.5.20.jar:/root/.m2/repository/org/jitsi/jicoco/1.1-90-gfa0e11e/jicoco-1.1-90-gfa0e11e.jar:/root/.m2/repository/org/eclipse/jetty/jetty-proxy/9.4.41.v20210516/jetty-proxy-9.4.41.v20210516.jar:/root/.m2/repository/org/eclipse/jetty/jetty-client/9.4.41.v20210516/jetty-client-9.4.41.v20210516.jar:/root/.m2/repository/org/eclipse/jetty/jetty-server/9.4.41.v20210516/jetty-server-9.4.41.v20210516.jar:/root/.m2/repository/javax/servlet/javax.servlet-api/3.1.0/javax.servlet-api-3.1.0.jar:/root/.m2/repository/org/eclipse/jetty/jetty-http/9.4.41.v20210516/jetty-http-9.4.41.v20210516.jar:/root/.m2/repository/org/eclipse/jetty/jetty-io/9.4.41.v20210516/jetty-io-9.4.41.v20210516.jar:/root/.m2/repository/org/eclipse/jetty/jetty-servlet/9.4.41.v20210516/jetty-servlet-9.4.41.v20210516.jar:/root/.m2/repository/org/eclipse/jetty/jetty-security/9.4.41.v20210516/jetty-security-9.4.41.v20210516.jar:/root/.m2/repository/org/eclipse/jetty/jetty-util-ajax/9.4.41.v20210516/jetty-util-ajax-9.4.41.v20210516.jar:/root/.m2/repository/org/eclipse/jetty/jetty-servlets/9.4.41.v20210516/jetty-servlets-9.4.41.v20210516.jar:/root/.m2/repository/org/eclipse/jetty/jetty-continuation/9.4.41.v20210516/jetty-continuation-9.4.41.v20210516.jar:/root/.m2/repository/org/eclipse/jetty/jetty-util/9.4.41.v20210516/jetty-util-9.4.41.v20210516.jar:/root/.m2/repository/org/xeustechnologies/jcl-core/2.8/jcl-core-2.8.jar:/root/.m2/repository/org/objenesis/objenesis/2.1/objenesis-2.1.jar:/root/.m2/repository/cglib/cglib-nodep/2.2/cglib-nodep-2.2.jar:/root/.m2/repository/org/kamranzafar/commons/object-cloner/0.1/object-cloner-0.1.jar:/root/.m2/repository/org/igniterealtime/smack/smack-core/4.2.4-47d17fc/smack-core-4.2.4-47d17fc.jar:/root/.m2/repository/xpp3/xpp3/1.1.4c/xpp3-1.1.4c.jar:/root/.m2/repository/org/jxmpp/jxmpp-core/0.6.2/jxmpp-core-0.6.2.jar:/root/.m2/repository/org/jxmpp/jxmpp-util-cache/0.6.2/jxmpp-util-cache-0.6.2.jar:/root/.m2/repository/org/jxmpp/jxmpp-jid/0.6.2/jxmpp-jid-0.6.2.jar:/root/.m2/repository/org/igniterealtime/smack/smack-extensions/4.2.4-47d17fc/smack-extensions-4.2.4-47d17fc.jar:/root/.m2/repository/org/igniterealtime/smack/smack-im/4.2.4-47d17fc/smack-im-4.2.4-47d17fc.jar:/root/.m2/repository/org/igniterealtime/smack/smack-tcp/4.2.4-47d17fc/smack-tcp-4.2.4-47d17fc.jar:/root/.m2/repository/org/glassfish/jersey/containers/jersey-container-jetty-http/2.34/jersey-container-jetty-http-2.34.jar:/root/.m2/repository/org/glassfish/hk2/external/jakarta.inject/2.6.1/jakarta.inject-2.6.1.jar:/root/.m2/repository/org/glassfish/jersey/core/jersey-common/2.34/jersey-common-2.34.jar:/root/.m2/repository/jakarta/annotation/jakarta.annotation-api/1.3.5/jakarta.annotation-api-1.3.5.jar:/root/.m2/repository/org/glassfish/hk2/osgi-resource-locator/1.0.3/osgi-resource-locator-1.0.3.jar:/root/.m2/repository/org/glassfish/jersey/core/jersey-server/2.34/jersey-server-2.34.jar:/root/.m2/repository/org/glassfish/jersey/core/jersey-client/2.34/jersey-client-2.34.jar:/root/.m2/repository/jakarta/validation/jakarta.validation-api/2.0.2/jakarta.validation-api-2.0.2.jar:/root/.m2/repository/jakarta/ws/rs/jakarta.ws.rs-api/2.1.6/jakarta.ws.rs-api-2.1.6.jar:/root/.m2/repository/org/glassfish/jersey/containers/jersey-container-servlet/2.34/jersey-container-servlet-2.34.jar:/root/.m2/repository/org/glassfish/jersey/containers/jersey-container-servlet-core/2.34/jersey-container-servlet-core-2.34.jar:/root/.m2/repository/org/glassfish/jersey/inject/jersey-hk2/2.34/jersey-hk2-2.34.jar:/root/.m2/repository/org/glassfish/hk2/hk2-locator/2.6.1/hk2-locator-2.6.1.jar:/root/.m2/repository/org/glassfish/hk2/external/aopalliance-repackaged/2.6.1/aopalliance-repackaged-2.6.1.jar:/root/.m2/repository/org/glassfish/hk2/hk2-api/2.6.1/hk2-api-2.6.1.jar:/root/.m2/repository/org/glassfish/hk2/hk2-utils/2.6.1/hk2-utils-2.6.1.jar:/root/.m2/repository/org/glassfish/jersey/media/jersey-media-json-jackson/2.34/jersey-media-json-jackson-2.34.jar:/root/.m2/repository/org/glassfish/jersey/ext/jersey-entity-filtering/2.34/jersey-entity-filtering-2.34.jar:/root/.m2/repository/com/fasterxml/jackson/core/jackson-annotations/2.12.2/jackson-annotations-2.12.2.jar:/root/.m2/repository/com/fasterxml/jackson/core/jackson-databind/2.12.2/jackson-databind-2.12.2.jar:/root/.m2/repository/com/fasterxml/jackson/core/jackson-core/2.12.2/jackson-core-2.12.2.jar:/root/.m2/repository/com/fasterxml/jackson/module/jackson-module-jaxb-annotations/2.12.2/jackson-module-jaxb-annotations-2.12.2.jar:/root/.m2/repository/jakarta/xml/bind/jakarta.xml.bind-api/2.3.2/jakarta.xml.bind-api-2.3.2.jar:/root/.m2/repository/jakarta/activation/jakarta.activation-api/1.2.1/jakarta.activation-api-1.2.1.jar:/root/.m2/repository/org/javassist/javassist/3.22.0-CR2/javassist-3.22.0-CR2.jar:/root/.m2/repository/org/jitsi/jitsi-android-osgi/1.0-SNAPSHOT/jitsi-android-osgi-1.0-SNAPSHOT.jar:/root/.m2/repository/org/osgi/org.osgi.core/4.3.1/org.osgi.core-4.3.1.jar:/root/.m2/repository/org/jitsi/jicoco-config/1.1-90-gfa0e11e/jicoco-config-1.1-90-gfa0e11e.jar:/root/.m2/repository/com/typesafe/config/1.4.1/config-1.4.1.jar:/root/.m2/repository/org/jitsi/jitsi-metaconfig/c3d8c51747/jitsi-metaconfig-c3d8c51747.jar:/root/.m2/repository/org/jetbrains/kotlin/kotlin-reflect/1.5.20/kotlin-reflect-1.5.20.jar:/root/.m2/repository/org/bouncycastle/bctls-jdk15on/1.68/bctls-jdk15on-1.68.jar:/root/.m2/repository/org/bouncycastle/bcprov-jdk15on/1.68/bcprov-jdk15on-1.68.jar:/root/.m2/repository/org/bouncycastle/bcpkix-jdk15on/1.68/bcpkix-jdk15on-1.68.jar:/root/.m2/repository/org/pcap4j/pcap4j-core/1.8.2/pcap4j-core-1.8.2.jar:/root/.m2/repository/org/slf4j/slf4j-api/1.7.26/slf4j-api-1.7.26.jar:/root/.m2/repository/org/pcap4j/pcap4j-packetfactory-static/1.8.2/pcap4j-packetfactory-static-1.8.2.jar:/root/.m2/repository/com/github/spotbugs/spotbugs-annotations/4.0.6/spotbugs-annotations-4.0.6.jar:/root/.m2/repository/com/google/code/findbugs/jsr305/3.0.2/jsr305-3.0.2.jar:/root/.m2/repository/org/jitsi/jicoco-test-kotlin/1.1-90-gfa0e11e/jicoco-test-kotlin-1.1-90-gfa0e11e.jar:/root/.m2/repository/io/pkts/pkts-core/3.0.3/pkts-core-3.0.3.jar:/root/.m2/repository/io/pkts/pkts-buffers/3.0.3/pkts-buffers-3.0.3.jar:/root/.m2/repository/io/pkts/pkts-sip/3.0.3/pkts-sip-3.0.3.jar:/root/.m2/repository/io/pkts/pkts-sdp/3.0.3/pkts-sdp-3.0.3.jar:/root/.m2/repository/javax/sip/jain-sip-ri/1.2.159/jain-sip-ri-1.2.159.jar:/root/.m2/repository/io/kotest/kotest-runner-junit5-jvm/4.6.1/kotest-runner-junit5-jvm-4.6.1.jar:/root/.m2/repository/io/kotest/kotest-framework-api-jvm/4.6.1/kotest-framework-api-jvm-4.6.1.jar:/root/.m2/repository/io/kotest/kotest-common-jvm/4.6.1/kotest-common-jvm-4.6.1.jar:/root/.m2/repository/io/kotest/kotest-framework-engine-jvm/4.6.1/kotest-framework-engine-jvm-4.6.1.jar:/root/.m2/repository/io/github/classgraph/classgraph/4.8.105/classgraph-4.8.105.jar:/root/.m2/repository/com/github/ajalt/mordant/1.2.1/mordant-1.2.1.jar:/root/.m2/repository/com/github/ajalt/colormath/1.2.0/colormath-1.2.0.jar:/root/.m2/repository/org/jetbrains/kotlin/kotlin-script-util/1.5.0/kotlin-script-util-1.5.0.jar:/root/.m2/repository/org/jetbrains/intellij/deps/trove4j/1.0.20181211/trove4j-1.0.20181211.jar:/root/.m2/repository/org/jetbrains/kotlin/kotlin-daemon-client/1.5.0/kotlin-daemon-client-1.5.0.jar:/root/.m2/repository/org/jetbrains/kotlinx/kotlinx-coroutines-core/1.3.8/kotlinx-coroutines-core-1.3.8.jar:/root/.m2/repository/org/jetbrains/kotlin/kotlin-scripting-jvm/1.5.0/kotlin-scripting-jvm-1.5.0.jar:/root/.m2/repository/org/jetbrains/kotlin/kotlin-scripting-common/1.5.0/kotlin-scripting-common-1.5.0.jar:/root/.m2/repository/org/opentest4j/opentest4j/1.2.0/opentest4j-1.2.0.jar:/root/.m2/repository/io/kotest/kotest-framework-discovery-jvm/4.6.1/kotest-framework-discovery-jvm-4.6.1.jar:/root/.m2/repository/io/kotest/kotest-extensions-jvm/4.6.1/kotest-extensions-jvm-4.6.1.jar:/root/.m2/repository/commons-io/commons-io/2.6/commons-io-2.6.jar:/root/.m2/repository/io/kotest/kotest-framework-concurrency-jvm/4.6.1/kotest-framework-concurrency-jvm-4.6.1.jar:/root/.m2/repository/org/jetbrains/kotlinx/kotlinx-coroutines-core-jvm/1.5.0/kotlinx-coroutines-core-jvm-1.5.0.jar:/root/.m2/repository/org/junit/platform/junit-platform-engine/1.6.2/junit-platform-engine-1.6.2.jar:/root/.m2/repository/org/apiguardian/apiguardian-api/1.1.0/apiguardian-api-1.1.0.jar:/root/.m2/repository/org/junit/platform/junit-platform-commons/1.6.2/junit-platform-commons-1.6.2.jar:/root/.m2/repository/org/junit/platform/junit-platform-suite-api/1.6.2/junit-platform-suite-api-1.6.2.jar:/root/.m2/repository/org/junit/platform/junit-platform-launcher/1.6.2/junit-platform-launcher-1.6.2.jar:/root/.m2/repository/org/junit/jupiter/junit-jupiter-api/5.6.2/junit-jupiter-api-5.6.2.jar:/root/.m2/repository/org/jetbrains/kotlin/kotlin-script-runtime/1.5.0/kotlin-script-runtime-1.5.0.jar:/root/.m2/repository/io/kotest/kotest-assertions-core-jvm/4.6.1/kotest-assertions-core-jvm-4.6.1.jar:/root/.m2/repository/io/kotest/kotest-assertions-shared-jvm/4.6.1/kotest-assertions-shared-jvm-4.6.1.jar:/root/.m2/repository/org/jetbrains/kotlinx/kotlinx-coroutines-jdk8/1.5.0/kotlinx-coroutines-jdk8-1.5.0.jar:/root/.m2/repository/io/kotest/kotest-assertions-api-jvm/4.6.1/kotest-assertions-api-jvm-4.6.1.jar:/root/.m2/repository/io/kotest/kotest-property-jvm/4.6.1/kotest-property-jvm-4.6.1.jar:/root/.m2/repository/io/github/java-diff-utils/java-diff-utils/4.9/java-diff-utils-4.9.jar:/root/.m2/repository/com/github/mifmif/generex/1.0.2/generex-1.0.2.jar:/root/.m2/repository/dk/brics/automaton/automaton/1.11-8/automaton-1.11-8.jar:/root/.m2/repository/io/mockk/mockk/1.10.0/mockk-1.10.0.jar:/root/.m2/repository/io/mockk/mockk-common/1.10.0/mockk-common-1.10.0.jar:/root/.m2/repository/io/mockk/mockk-dsl/1.10.0/mockk-dsl-1.10.0.jar:/root/.m2/repository/io/mockk/mockk-dsl-jvm/1.10.0/mockk-dsl-jvm-1.10.0.jar:/root/.m2/repository/io/mockk/mockk-agent-jvm/1.10.0/mockk-agent-jvm-1.10.0.jar:/root/.m2/repository/io/mockk/mockk-agent-api/1.10.0/mockk-agent-api-1.10.0.jar:/root/.m2/repository/io/mockk/mockk-agent-common/1.10.0/mockk-agent-common-1.10.0.jar:/root/.m2/repository/net/bytebuddy/byte-buddy/1.10.9/byte-buddy-1.10.9.jar:/root/.m2/repository/net/bytebuddy/byte-buddy-agent/1.10.9/byte-buddy-agent-1.10.9.jar:/root/.m2/repository/javax/xml/bind/jaxb-api/2.3.1/jaxb-api-2.3.1.jar:/root/.m2/repository/javax/activation/javax.activation-api/1.2.0/javax.activation-api-1.2.0.jar:"/>
    <property name="sun.cpu.endian" value="little"/>
    <property name="user.home" value="/root"/>
    <property name="user.language" value="en"/>
    <property name="java.specification.vendor" value="Oracle Corporation"/>
    <property name="java.version.date" value="2021-07-20"/>
    <property name="java.home" value="/usr/lib/jvm/java-11-openjdk-amd64"/>
    <property name="file.separator" value="/"/>
    <property name="basedir" value="/root/jitsiQuick/newJMT/jitsi-media-transform"/>
    <property name="java.vm.compressedOopsMode" value="32-bit"/>
    <property name="line.separator" value="&#10;"/>
    <property name="java.specification.name" value="Java Platform API Specification"/>
    <property name="java.vm.specification.vendor" value="Oracle Corporation"/>
    <property name="java.awt.graphicsenv" value="sun.awt.X11GraphicsEnvironment"/>
    <property name="surefire.real.class.path" value="/root/jitsiQuick/newJMT/jitsi-media-transform/target/surefire/surefirebooter981321630963823482.jar"/>
    <property name="sun.management.compiler" value="HotSpot 64-Bit Tiered Compilers"/>
    <property name="java.runtime.version" value="11.0.12+7-post-Debian-2deb10u1"/>
    <property name="user.name" value="root"/>
    <property name="path.separator" value=":"/>
    <property name="os.version" value="4.19.0-17-cloud-amd64"/>
    <property name="java.runtime.name" value="OpenJDK Runtime Environment"/>
    <property name="file.encoding" value="UTF-8"/>
    <property name="java.vm.name" value="OpenJDK 64-Bit Server VM"/>
    <property name="localRepository" value="/root/.m2/repository"/>
    <property name="java.vendor.url.bug" value="https://bugs.debian.org/openjdk-11"/>
    <property name="java.io.tmpdir" value="/tmp"/>
    <property name="java.version" value="11.0.12"/>
    <property name="user.dir" value="/root/jitsiQuick/newJMT/jitsi-media-transform"/>
    <property name="os.arch" value="amd64"/>
    <property name="java.vm.specification.name" value="Java Virtual Machine Specification"/>
    <property name="java.awt.printerjob" value="sun.print.PSPrinterJob"/>
    <property name="sun.os.patch.level" value="unknown"/>
    <property name="java.library.path" value="/usr/java/packages/lib:/usr/lib/x86_64-linux-gnu/jni:/lib/x86_64-linux-gnu:/usr/lib/x86_64-linux-gnu:/usr/lib/jni:/lib:/usr/lib"/>
    <property name="java.vm.info" value="mixed mode, sharing"/>
    <property name="java.vendor" value="Debian"/>
    <property name="java.vm.version" value="11.0.12+7-post-Debian-2deb10u1"/>
    <property name="sun.io.unicode.encoding" value="UnicodeLittle"/>
    <property name="java.class.version" value="55.0"/>
  </properties>
  <testcase name="should visit every node" classname="org.jitsi.nlj.transform.NodeVisitorTest" time="0"/>
  <testcase name="should visit every node" classname="org.jitsi.nlj.transform.NodeVisitorTest" time="0"/>
  <testcase name="should visit the nodes in the proper order" classname="org.jitsi.nlj.transform.NodeVisitorTest" time="0.001"/>
  <testcase name="should visit the nodes in the proper order" classname="org.jitsi.nlj.transform.NodeVisitorTest" time="0"/>
  <testcase name="visiting an &apos;incoming-style&apos; pipeline" classname="org.jitsi.nlj.transform.NodeVisitorTest" time="0.001"/>
  <testcase name="visiting an &apos;outgoing-style&apos; pipeline" classname="org.jitsi.nlj.transform.NodeVisitorTest" time="0"/>
</testsuite>